<?xml version="1.0" encoding="UTF-8"?>
<!-- Generated by org.testng.reporters.JUnitReportReporter -->
<testsuite hostname="LAPTOP-MH1Q61PL" failures="1" tests="3" name="cucumberOptions.TestNGTestrunner" time="27.405" errors="0" timestamp="2023-03-15T05:48:31 IST" skipped="0">
  <testcase classname="cucumberOptions.TestNGTestrunner" name="runScenario" time="10.184"/>
  <system-out/>
  <testcase classname="cucumberOptions.TestNGTestrunner" name="runScenario" time="7.005"/>
  <system-out/>
  <testcase classname="cucumberOptions.TestNGTestrunner" name="runScenario" time="10.216">
    <failure message="expected [Beetroot] but found [No data]" type="java.lang.AssertionError">
      <![CDATA[java.lang.AssertionError: expected [Beetroot] but found [No data]
at org.testng.Assert.fail(Assert.java:110)
at org.testng.Assert.failNotEquals(Assert.java:1577)
at org.testng.Assert.assertEqualsImpl(Assert.java:149)
at org.testng.Assert.assertEquals(Assert.java:131)
at org.testng.Assert.assertEquals(Assert.java:655)
at org.testng.Assert.assertEquals(Assert.java:665)
at stepDefinition.OfferPageStepDefinition.validate_product_name_in_offer_page(OfferPageStepDefinition.java:55)
at âœ½.Validate product name in offer page matches with Landing Page(file:///C:/Projects/CucumberFramework/src/test/java/features/searchProducts.feature:9)
]]>
    </failure>
  </testcase> <!-- runScenario -->
  <system-out/>
</testsuite> <!-- cucumberOptions.TestNGTestrunner -->
